<?xml version="1.0" encoding="UTF-8"?>
<!-- Generated by org.testng.reporters.JUnitReportReporter -->
<testsuite hostname="DESKTOP-N60QB27" failures="0" tests="1" name="practise.Test1" time="13.186" errors="0" timestamp="2022-12-09T10:25:21 IST" skipped="0">
  <testcase classname="practise.Test1" name="test1" time="13.186"/>
</testsuite> <!-- practise.Test1 -->
