<?xml version="1.0" encoding="UTF-8"?>
<!-- Generated by org.testng.reporters.JUnitReportReporter -->
<testsuite hostname="DESKTOP-N60QB27" failures="0" tests="1" name="practise.Code8" time="4.539" errors="0" timestamp="2022-12-09T10:52:19 IST" skipped="0">
  <testcase classname="practise.Code8" name="test1" time="4.539"/>
</testsuite> <!-- practise.Code8 -->
