<?xml version="1.0" encoding="UTF-8"?>
<!-- Generated by org.testng.reporters.JUnitReportReporter -->
<testsuite hostname="DESKTOP-N60QB27" failures="0" tests="1" name="practise.Code4" time="17.982" errors="0" timestamp="2022-12-09T10:39:33 IST" skipped="0">
  <testcase classname="practise.Code4" name="test1" time="17.982"/>
</testsuite> <!-- practise.Code4 -->
