<?xml version="1.0" encoding="UTF-8"?>
<!-- Generated by org.testng.reporters.JUnitReportReporter -->
<testsuite hostname="DESKTOP-N60QB27" failures="0" tests="1" name="practise.Code9" time="3.687" errors="0" timestamp="2022-12-09T11:04:30 IST" skipped="0">
  <testcase classname="practise.Code9" name="test1" time="3.687"/>
</testsuite> <!-- practise.Code9 -->
