<?xml version="1.0" encoding="UTF-8"?>
<!-- Generated by org.testng.reporters.JUnitReportReporter -->
<testsuite hostname="DESKTOP-N60QB27" failures="0" tests="1" name="practise.Code3" time="18.318" errors="0" timestamp="2022-12-09T10:32:56 IST" skipped="0">
  <testcase classname="practise.Code3" name="test1" time="18.318"/>
</testsuite> <!-- practise.Code3 -->
